[INFO ] 2025-05-24 00:11:09.163 [main] TC001_AccountrRgistrationTest - Test started...........
[INFO ] 2025-05-24 00:11:09.344 [main] TC001_AccountrRgistrationTest - click on myaccount
[INFO ] 2025-05-24 00:11:21.037 [main] TC002_LoginTest - Test started...........
[INFO ] 2025-05-24 00:11:21.167 [main] TC002_LoginTest - click on myaccount
[INFO ] 2025-05-24 00:11:35.603 [main] TC003_DDTLogin - Test started...........
[INFO ] 2025-05-24 00:11:35.711 [main] TC003_DDTLogin - click on myaccount
[INFO ] 2025-05-24 00:11:41.818 [main] TC003_DDTLogin - Test started...........
[INFO ] 2025-05-24 00:11:43.052 [main] TC003_DDTLogin - click on myaccount
[INFO ] 2025-05-24 19:52:55.779 [main] TC001_AccountrRgistrationTest - Test started...........
[INFO ] 2025-05-24 19:52:55.876 [main] TC001_AccountrRgistrationTest - click on myaccount
[INFO ] 2025-05-24 19:53:05.492 [main] TC002_LoginTest - Test started...........
[INFO ] 2025-05-24 19:53:05.580 [main] TC002_LoginTest - click on myaccount
[INFO ] 2025-05-24 19:53:18.950 [main] TC003_DDTLogin - Test started...........
[INFO ] 2025-05-24 19:53:19.106 [main] TC003_DDTLogin - click on myaccount
[INFO ] 2025-05-24 19:53:26.321 [main] TC003_DDTLogin - Test started...........
[INFO ] 2025-05-24 19:53:26.415 [main] TC003_DDTLogin - click on myaccount
[INFO ] 2025-05-24 19:57:06.635 [main] TC003_DDTLogin - Test started...........
[INFO ] 2025-05-24 19:57:06.719 [main] TC003_DDTLogin - click on myaccount
[INFO ] 2025-05-24 19:57:14.352 [main] TC003_DDTLogin - Test started...........
[INFO ] 2025-05-24 19:57:14.422 [main] TC003_DDTLogin - click on myaccount
[INFO ] 2025-05-24 20:04:28.571 [main] TC003_DDTLogin - Test started...........
[INFO ] 2025-05-24 20:04:28.715 [main] TC003_DDTLogin - click on myaccount
[INFO ] 2025-05-24 20:04:35.975 [main] TC003_DDTLogin - Test started...........
[INFO ] 2025-05-24 20:04:36.086 [main] TC003_DDTLogin - click on myaccount
[INFO ] 2025-05-24 20:04:47.898 [main] TC003_DDTLogin - Test started...........
[INFO ] 2025-05-24 20:04:47.983 [main] TC003_DDTLogin - click on myaccount
[INFO ] 2025-05-24 21:54:56.693 [main] TC003_DDTLogin - Test started...........
[INFO ] 2025-05-24 21:54:56.772 [main] TC003_DDTLogin - click on myaccount
[INFO ] 2025-05-24 21:55:05.286 [main] TC003_DDTLogin - Test started...........
[INFO ] 2025-05-24 21:55:05.359 [main] TC003_DDTLogin - click on myaccount
[INFO ] 2025-05-24 21:55:16.776 [main] TC003_DDTLogin - Test started...........
[INFO ] 2025-05-24 21:55:16.838 [main] TC003_DDTLogin - click on myaccount
[INFO ] 2025-05-24 22:07:15.390 [main] TC003_DDTLogin - Test started...........
[INFO ] 2025-05-24 22:07:15.467 [main] TC003_DDTLogin - click on myaccount
[INFO ] 2025-05-24 22:07:22.147 [main] TC003_DDTLogin - Test started...........
[INFO ] 2025-05-24 22:07:22.236 [main] TC003_DDTLogin - click on myaccount
[INFO ] 2025-05-24 22:07:33.364 [main] TC003_DDTLogin - Test started...........
[INFO ] 2025-05-24 22:07:33.431 [main] TC003_DDTLogin - click on myaccount
