[INFO ] 2025-05-23 00:27:07.943 [main] TC001_AccountrRgistrationTest - Test started...........
[INFO ] 2025-05-23 00:27:08.116 [main] TC001_AccountrRgistrationTest - click on myaccount
[INFO ] 2025-05-23 00:27:15.039 [main] TC002_LoginTest - Test started...........
[INFO ] 2025-05-23 00:30:44.253 [main] TC001_AccountrRgistrationTest - Test started...........
[INFO ] 2025-05-23 00:30:44.350 [main] TC001_AccountrRgistrationTest - click on myaccount
[INFO ] 2025-05-23 00:30:54.135 [main] TC002_LoginTest - Test started...........
[INFO ] 2025-05-23 00:30:54.246 [main] TC002_LoginTest - click on myaccount
[INFO ] 2025-05-23 00:32:58.401 [main] TC001_AccountrRgistrationTest - Test started...........
[INFO ] 2025-05-23 00:32:58.508 [main] TC001_AccountrRgistrationTest - click on myaccount
[INFO ] 2025-05-23 00:33:06.423 [main] TC002_LoginTest - Test started...........
[INFO ] 2025-05-23 00:33:06.539 [main] TC002_LoginTest - click on myaccount
[INFO ] 2025-05-23 00:35:00.611 [main] TC001_AccountrRgistrationTest - Test started...........
[INFO ] 2025-05-23 00:35:00.717 [main] TC001_AccountrRgistrationTest - click on myaccount
[INFO ] 2025-05-23 00:35:11.392 [main] TC002_LoginTest - Test started...........
[INFO ] 2025-05-23 00:35:11.516 [main] TC002_LoginTest - click on myaccount
[INFO ] 2025-05-23 00:38:40.430 [main] TC001_AccountrRgistrationTest - Test started...........
[INFO ] 2025-05-23 00:38:40.600 [main] TC001_AccountrRgistrationTest - click on myaccount
[INFO ] 2025-05-23 00:38:49.613 [main] TC002_LoginTest - Test started...........
[INFO ] 2025-05-23 00:38:49.737 [main] TC002_LoginTest - click on myaccount
[INFO ] 2025-05-23 00:42:31.073 [main] TC001_AccountrRgistrationTest - Test started...........
[INFO ] 2025-05-23 00:42:31.157 [main] TC001_AccountrRgistrationTest - click on myaccount
[INFO ] 2025-05-23 00:42:39.423 [main] TC002_LoginTest - Test started...........
[INFO ] 2025-05-23 00:42:39.540 [main] TC002_LoginTest - click on myaccount
[INFO ] 2025-05-23 00:44:27.940 [main] TC001_AccountrRgistrationTest - Test started...........
[INFO ] 2025-05-23 00:44:28.054 [main] TC001_AccountrRgistrationTest - click on myaccount
[INFO ] 2025-05-23 00:44:36.257 [main] TC002_LoginTest - Test started...........
[INFO ] 2025-05-23 00:44:36.395 [main] TC002_LoginTest - click on myaccount
[INFO ] 2025-05-23 22:54:13.133 [main] TC001_AccountrRgistrationTest - Test started...........
[INFO ] 2025-05-23 22:54:13.226 [main] TC001_AccountrRgistrationTest - click on myaccount
[INFO ] 2025-05-23 22:54:19.610 [main] TC002_LoginTest - Test started...........
[INFO ] 2025-05-23 22:54:19.694 [main] TC002_LoginTest - click on myaccount
[INFO ] 2025-05-23 22:57:47.902 [main] TC001_AccountrRgistrationTest - Test started...........
[INFO ] 2025-05-23 22:57:47.983 [main] TC001_AccountrRgistrationTest - click on myaccount
[INFO ] 2025-05-23 22:57:55.432 [main] TC002_LoginTest - Test started...........
[INFO ] 2025-05-23 22:57:55.507 [main] TC002_LoginTest - click on myaccount
[INFO ] 2025-05-23 22:58:07.264 [main] TC003_DDTLogin - Test started...........
[INFO ] 2025-05-23 22:58:07.336 [main] TC003_DDTLogin - click on myaccount
[INFO ] 2025-05-23 22:58:07.657 [main] TC003_DDTLogin - Test started...........
[INFO ] 2025-05-23 22:58:07.757 [main] TC003_DDTLogin - click on myaccount
[INFO ] 2025-05-23 22:59:17.111 [main] TC001_AccountrRgistrationTest - Test started...........
[INFO ] 2025-05-23 22:59:17.198 [main] TC001_AccountrRgistrationTest - click on myaccount
[INFO ] 2025-05-23 22:59:25.075 [main] TC002_LoginTest - Test started...........
[INFO ] 2025-05-23 22:59:25.171 [main] TC002_LoginTest - click on myaccount
[INFO ] 2025-05-23 22:59:36.658 [main] TC003_DDTLogin - Test started...........
[INFO ] 2025-05-23 22:59:36.723 [main] TC003_DDTLogin - click on myaccount
[INFO ] 2025-05-23 22:59:37.055 [main] TC003_DDTLogin - Test started...........
[INFO ] 2025-05-23 22:59:37.119 [main] TC003_DDTLogin - click on myaccount
[INFO ] 2025-05-23 23:03:52.899 [main] TC001_AccountrRgistrationTest - Test started...........
[INFO ] 2025-05-23 23:03:53.011 [main] TC001_AccountrRgistrationTest - click on myaccount
[INFO ] 2025-05-23 23:04:00.893 [main] TC002_LoginTest - Test started...........
[INFO ] 2025-05-23 23:04:00.969 [main] TC002_LoginTest - click on myaccount
[INFO ] 2025-05-23 23:04:12.606 [main] TC003_DDTLogin - Test started...........
[INFO ] 2025-05-23 23:04:12.667 [main] TC003_DDTLogin - click on myaccount
[INFO ] 2025-05-23 23:04:12.936 [main] TC003_DDTLogin - Test started...........
[INFO ] 2025-05-23 23:04:13.030 [main] TC003_DDTLogin - click on myaccount
[INFO ] 2025-05-23 23:08:22.064 [main] TC001_AccountrRgistrationTest - Test started...........
[INFO ] 2025-05-23 23:08:22.148 [main] TC001_AccountrRgistrationTest - click on myaccount
[INFO ] 2025-05-23 23:08:30.235 [main] TC002_LoginTest - Test started...........
[INFO ] 2025-05-23 23:08:30.316 [main] TC002_LoginTest - click on myaccount
[INFO ] 2025-05-23 23:08:41.606 [main] TC003_DDTLogin - Test started...........
[INFO ] 2025-05-23 23:08:41.667 [main] TC003_DDTLogin - click on myaccount
[INFO ] 2025-05-23 23:08:42.063 [main] TC003_DDTLogin - Test started...........
[INFO ] 2025-05-23 23:08:42.137 [main] TC003_DDTLogin - click on myaccount
[INFO ] 2025-05-23 23:11:09.727 [main] TC003_DDTLogin - Test started...........
[INFO ] 2025-05-23 23:11:09.821 [main] TC003_DDTLogin - click on myaccount
[INFO ] 2025-05-23 23:21:20.907 [main] TC003_DDTLogin - Test started...........
[INFO ] 2025-05-23 23:21:20.981 [main] TC003_DDTLogin - click on myaccount
[INFO ] 2025-05-23 23:21:21.639 [main] TC003_DDTLogin - Test started...........
[INFO ] 2025-05-23 23:21:21.727 [main] TC003_DDTLogin - click on myaccount
[INFO ] 2025-05-23 23:31:25.449 [main] TC003_DDTLogin - Test started...........
[INFO ] 2025-05-23 23:31:25.555 [main] TC003_DDTLogin - click on myaccount
[INFO ] 2025-05-23 23:31:25.856 [main] TC003_DDTLogin - Test started...........
[INFO ] 2025-05-23 23:31:25.963 [main] TC003_DDTLogin - click on myaccount
[INFO ] 2025-05-23 23:36:45.453 [main] TC003_DDTLogin - Test started...........
[INFO ] 2025-05-23 23:36:45.526 [main] TC003_DDTLogin - click on myaccount
[INFO ] 2025-05-23 23:36:45.874 [main] TC003_DDTLogin - Test started...........
[INFO ] 2025-05-23 23:36:45.944 [main] TC003_DDTLogin - click on myaccount
[INFO ] 2025-05-23 23:39:56.374 [main] TC003_DDTLogin - Test started...........
[INFO ] 2025-05-23 23:39:56.439 [main] TC003_DDTLogin - click on myaccount
[INFO ] 2025-05-23 23:40:02.005 [main] TC003_DDTLogin - Test started...........
[INFO ] 2025-05-23 23:40:03.041 [main] TC003_DDTLogin - click on myaccount
